2019-10-24 12:43:16 [restartedMain] INFO  c.l.i.InventoryschedulerApplication - Starting InventoryschedulerApplication on COK-A-00009 with PID 7940 (D:\shopmate-sachin\inventoryscheduler\target\classes started by sachin.saju in D:\shopmate-sachin\inventoryscheduler)
2019-10-24 12:43:16 [restartedMain] INFO  c.l.i.InventoryschedulerApplication - No active profile set, falling back to default profiles: default
2019-10-24 12:43:16 [restartedMain] INFO  o.s.b.d.restart.ChangeableUrls - The Class-Path manifest attribute in C:\Users\Sachin.saju\.m2\repository\org\glassfish\jaxb\jaxb-runtime\2.3.2\jaxb-runtime-2.3.2.jar referenced one or more files that do not exist: file:/C:/Users/Sachin.saju/.m2/repository/org/glassfish/jaxb/jaxb-runtime/2.3.2/jakarta.xml.bind-api-2.3.2.jar,file:/C:/Users/Sachin.saju/.m2/repository/org/glassfish/jaxb/jaxb-runtime/2.3.2/txw2-2.3.2.jar,file:/C:/Users/Sachin.saju/.m2/repository/org/glassfish/jaxb/jaxb-runtime/2.3.2/istack-commons-runtime-3.0.8.jar,file:/C:/Users/Sachin.saju/.m2/repository/org/glassfish/jaxb/jaxb-runtime/2.3.2/stax-ex-1.8.1.jar,file:/C:/Users/Sachin.saju/.m2/repository/org/glassfish/jaxb/jaxb-runtime/2.3.2/FastInfoset-1.2.16.jar,file:/C:/Users/Sachin.saju/.m2/repository/org/glassfish/jaxb/jaxb-runtime/2.3.2/jakarta.activation-api-1.2.1.jar
2019-10-24 12:43:16 [restartedMain] INFO  o.s.b.d.e.DevToolsPropertyDefaultsPostProcessor - Devtools property defaults active! Set 'spring.devtools.add-properties' to 'false' to disable
2019-10-24 12:43:16 [restartedMain] INFO  o.s.b.d.e.DevToolsPropertyDefaultsPostProcessor - For additional web related logging consider setting the 'logging.level.web' property to 'DEBUG'
2019-10-24 12:43:19 [restartedMain] INFO  o.s.d.r.c.RepositoryConfigurationDelegate - Bootstrapping Spring Data repositories in DEFAULT mode.
2019-10-24 12:43:19 [restartedMain] INFO  o.s.d.r.c.RepositoryConfigurationDelegate - Finished Spring Data repository scanning in 131ms. Found 1 repository interfaces.
2019-10-24 12:43:20 [restartedMain] INFO  o.s.c.s.PostProcessorRegistrationDelegate$BeanPostProcessorChecker - Bean 'org.springframework.transaction.annotation.ProxyTransactionManagementConfiguration' of type [org.springframework.transaction.annotation.ProxyTransactionManagementConfiguration] is not eligible for getting processed by all BeanPostProcessors (for example: not eligible for auto-proxying)
2019-10-24 12:43:21 [restartedMain] INFO  o.s.b.w.e.tomcat.TomcatWebServer - Tomcat initialized with port(s): 8086 (http)
2019-10-24 12:43:21 [restartedMain] INFO  o.a.catalina.core.StandardService - Starting service [Tomcat]
2019-10-24 12:43:21 [restartedMain] INFO  o.a.catalina.core.StandardEngine - Starting Servlet engine: [Apache Tomcat/9.0.27]
2019-10-24 12:43:22 [restartedMain] INFO  o.a.c.c.C.[Tomcat].[localhost].[/] - Initializing Spring embedded WebApplicationContext
2019-10-24 12:43:22 [restartedMain] INFO  o.s.web.context.ContextLoader - Root WebApplicationContext: initialization completed in 5103 ms
2019-10-24 12:43:22 [restartedMain] INFO  o.h.jpa.internal.util.LogHelper - HHH000204: Processing PersistenceUnitInfo [name: default]
2019-10-24 12:43:23 [restartedMain] INFO  org.hibernate.Version - HHH000412: Hibernate Core {5.4.6.Final}
2019-10-24 12:43:23 [restartedMain] INFO  o.h.annotations.common.Version - HCANN000001: Hibernate Commons Annotations {5.1.0.Final}
2019-10-24 12:43:23 [restartedMain] INFO  com.zaxxer.hikari.HikariDataSource - HikariPool-1 - Starting...
2019-10-24 12:43:24 [restartedMain] INFO  com.zaxxer.hikari.HikariDataSource - HikariPool-1 - Start completed.
2019-10-24 12:43:24 [restartedMain] INFO  org.hibernate.dialect.Dialect - HHH000400: Using dialect: org.hibernate.dialect.MySQLDialect
2019-10-24 12:43:25 [restartedMain] INFO  o.h.e.t.j.p.i.JtaPlatformInitiator - HHH000490: Using JtaPlatform implementation: [org.hibernate.engine.transaction.jta.platform.internal.NoJtaPlatform]
2019-10-24 12:43:25 [restartedMain] INFO  o.s.o.j.LocalContainerEntityManagerFactoryBean - Initialized JPA EntityManagerFactory for persistence unit 'default'
2019-10-24 12:43:27 [restartedMain] WARN  o.s.b.a.o.j.JpaBaseConfiguration$JpaWebConfiguration - spring.jpa.open-in-view is enabled by default. Therefore, database queries may be performed during view rendering. Explicitly configure spring.jpa.open-in-view to disable this warning
2019-10-24 12:43:27 [restartedMain] INFO  o.s.s.c.ThreadPoolTaskExecutor - Initializing ExecutorService 'applicationTaskExecutor'
2019-10-24 12:43:28 [restartedMain] INFO  o.s.s.c.ThreadPoolTaskScheduler - Initializing ExecutorService 'taskScheduler'
2019-10-24 12:43:28 [restartedMain] INFO  o.s.b.d.a.OptionalLiveReloadServer - LiveReload server is running on port 35729
2019-10-24 12:43:28 [restartedMain] INFO  o.s.b.w.e.tomcat.TomcatWebServer - Tomcat started on port(s): 8086 (http) with context path ''
2019-10-24 12:43:28 [restartedMain] INFO  c.l.i.InventoryschedulerApplication - Started InventoryschedulerApplication in 12.951 seconds (JVM running for 14.259)
2019-10-24 12:43:30 [scheduling-1] INFO  c.l.i.service.SchedulerService - Inventory Check at Thu Oct 24 12:43:30 IST 2019
2019-10-24 12:43:30 [scheduling-1] INFO  c.l.i.service.SchedulerService - src\main\resources\inventory\new\error1.xlsx    getting processed
2019-10-24 12:43:31 [scheduling-1] ERROR c.l.i.service.SchedulerService - Incorrect Format Excel Data
2019-10-24 12:43:31 [scheduling-1] INFO  c.l.i.service.SchedulerService - File moved from src\main\resources\inventory\new\error1.xlsx  to src\main\resources\inventory\error
2019-10-24 12:43:31 [scheduling-1] INFO  c.l.i.service.SchedulerService - src\main\resources\inventory\new\error2.xlsx    getting processed
2019-10-24 12:43:31 [scheduling-1] ERROR c.l.i.service.SchedulerService - File contains incorrect number of cells
2019-10-24 12:43:31 [scheduling-1] INFO  c.l.i.service.SchedulerService - File moved from src\main\resources\inventory\new\error2.xlsx  to src\main\resources\inventory\error
2019-10-24 12:43:31 [scheduling-1] INFO  c.l.i.service.SchedulerService - src\main\resources\inventory\new\file1.xlsx    getting processed
2019-10-24 12:43:31 [scheduling-1] INFO  c.l.i.service.SchedulerService - item updated
2019-10-24 12:43:31 [scheduling-1] INFO  c.l.i.service.SchedulerService - stock updated
2019-10-24 12:43:31 [scheduling-1] INFO  c.l.i.service.SchedulerService - item updated
2019-10-24 12:43:31 [scheduling-1] INFO  c.l.i.service.SchedulerService - stock updated
2019-10-24 12:43:31 [scheduling-1] INFO  c.l.i.service.SchedulerService - File moved from src\main\resources\inventory\new\file1.xlsx  to src\main\resources\inventory\processed
2019-10-24 12:43:31 [scheduling-1] INFO  c.l.i.service.SchedulerService - src\main\resources\inventory\new\file2.xlsx    getting processed
2019-10-24 12:43:31 [scheduling-1] INFO  c.l.i.service.SchedulerService - item updated
2019-10-24 12:43:31 [scheduling-1] INFO  c.l.i.service.SchedulerService - stock updated
2019-10-24 12:43:31 [scheduling-1] INFO  c.l.i.service.SchedulerService - item updated
2019-10-24 12:43:31 [scheduling-1] INFO  c.l.i.service.SchedulerService - stock updated
2019-10-24 12:43:31 [scheduling-1] INFO  c.l.i.service.SchedulerService - File moved from src\main\resources\inventory\new\file2.xlsx  to src\main\resources\inventory\processed
2019-10-24 12:43:31 [scheduling-1] INFO  c.l.i.service.SchedulerService - src\main\resources\inventory\new\file3.xlsx    getting processed
2019-10-24 12:43:31 [scheduling-1] INFO  c.l.i.service.SchedulerService - item updated
2019-10-24 12:43:31 [scheduling-1] INFO  c.l.i.service.SchedulerService - stock updated
2019-10-24 12:43:32 [scheduling-1] INFO  c.l.i.service.SchedulerService - item updated
2019-10-24 12:43:32 [scheduling-1] INFO  c.l.i.service.SchedulerService - stock updated
2019-10-24 12:43:32 [scheduling-1] INFO  c.l.i.service.SchedulerService - File moved from src\main\resources\inventory\new\file3.xlsx  to src\main\resources\inventory\processed
2019-10-24 12:44:00 [scheduling-1] INFO  c.l.i.service.SchedulerService - Inventory Check at Thu Oct 24 12:44:00 IST 2019
