[2019-10-23T17:10:07,053][INFO ][o.e.e.NodeEnvironment    ] [ct7pFEH] using [1] data paths, mounts [[(C:)]], net usable_space [162.1gb], net total_space [264.4gb], types [NTFS]
[2019-10-23T17:10:07,057][INFO ][o.e.e.NodeEnvironment    ] [ct7pFEH] heap size [990.7mb], compressed ordinary object pointers [true]
[2019-10-23T17:10:07,061][INFO ][o.e.n.Node               ] [ct7pFEH] node name derived from node ID [ct7pFEH4S6OxIyICckoAbg]; set [node.name] to override
[2019-10-23T17:10:07,065][INFO ][o.e.n.Node               ] [ct7pFEH] version[6.5.1], pid[20844], build[default/zip/8c58350/2018-11-16T02:22:42.182257Z], OS[Windows 10/10.0/amd64], JVM[Oracle Corporation/Java HotSpot(TM) 64-Bit Server VM/11.0.3/11.0.3+12-LTS]
[2019-10-23T17:10:07,065][INFO ][o.e.n.Node               ] [ct7pFEH] JVM arguments [-Xms1g, -Xmx1g, -XX:+UseConcMarkSweepGC, -XX:CMSInitiatingOccupancyFraction=75, -XX:+UseCMSInitiatingOccupancyOnly, -XX:+AlwaysPreTouch, -Xss1m, -Djava.awt.headless=true, -Dfile.encoding=UTF-8, -Djna.nosys=true, -XX:-OmitStackTraceInFastThrow, -Dio.netty.noUnsafe=true, -Dio.netty.noKeySetOptimization=true, -Dio.netty.recycler.maxCapacityPerThread=0, -Dlog4j.shutdownHookEnabled=false, -Dlog4j2.disable.jmx=true, -Djava.io.tmpdir=C:\Users\AMJAD~1.SIB\AppData\Local\Temp\elasticsearch, -XX:+HeapDumpOnOutOfMemoryError, -XX:HeapDumpPath=data, -XX:ErrorFile=logs/hs_err_pid%p.log, -Xlog:gc*,gc+age=trace,safepoint:file=logs/gc.log:utctime,pid,tags:filecount=32,filesize=64m, -Djava.locale.providers=COMPAT, -XX:UseAVX=2, -Delasticsearch, -Des.path.home=C:\Users\amjad.sibili\Desktop\elastic\elasticsearch-6.5.1, -Des.path.conf=C:\Users\amjad.sibili\Desktop\elastic\elasticsearch-6.5.1\config, -Des.distribution.flavor=default, -Des.distribution.type=zip]
[2019-10-23T17:10:25,316][INFO ][o.e.p.PluginsService     ] [ct7pFEH] loaded module [aggs-matrix-stats]
[2019-10-23T17:10:25,320][INFO ][o.e.p.PluginsService     ] [ct7pFEH] loaded module [analysis-common]
[2019-10-23T17:10:25,320][INFO ][o.e.p.PluginsService     ] [ct7pFEH] loaded module [ingest-common]
[2019-10-23T17:10:25,320][INFO ][o.e.p.PluginsService     ] [ct7pFEH] loaded module [lang-expression]
[2019-10-23T17:10:25,320][INFO ][o.e.p.PluginsService     ] [ct7pFEH] loaded module [lang-mustache]
[2019-10-23T17:10:25,320][INFO ][o.e.p.PluginsService     ] [ct7pFEH] loaded module [lang-painless]
[2019-10-23T17:10:25,320][INFO ][o.e.p.PluginsService     ] [ct7pFEH] loaded module [mapper-extras]
[2019-10-23T17:10:25,320][INFO ][o.e.p.PluginsService     ] [ct7pFEH] loaded module [parent-join]
[2019-10-23T17:10:25,320][INFO ][o.e.p.PluginsService     ] [ct7pFEH] loaded module [percolator]
[2019-10-23T17:10:25,324][INFO ][o.e.p.PluginsService     ] [ct7pFEH] loaded module [rank-eval]
[2019-10-23T17:10:25,324][INFO ][o.e.p.PluginsService     ] [ct7pFEH] loaded module [reindex]
[2019-10-23T17:10:25,324][INFO ][o.e.p.PluginsService     ] [ct7pFEH] loaded module [repository-url]
[2019-10-23T17:10:25,324][INFO ][o.e.p.PluginsService     ] [ct7pFEH] loaded module [transport-netty4]
[2019-10-23T17:10:25,328][INFO ][o.e.p.PluginsService     ] [ct7pFEH] loaded module [tribe]
[2019-10-23T17:10:25,328][INFO ][o.e.p.PluginsService     ] [ct7pFEH] loaded module [x-pack-ccr]
[2019-10-23T17:10:25,328][INFO ][o.e.p.PluginsService     ] [ct7pFEH] loaded module [x-pack-core]
[2019-10-23T17:10:25,328][INFO ][o.e.p.PluginsService     ] [ct7pFEH] loaded module [x-pack-deprecation]
[2019-10-23T17:10:25,332][INFO ][o.e.p.PluginsService     ] [ct7pFEH] loaded module [x-pack-graph]
[2019-10-23T17:10:25,332][INFO ][o.e.p.PluginsService     ] [ct7pFEH] loaded module [x-pack-logstash]
[2019-10-23T17:10:25,336][INFO ][o.e.p.PluginsService     ] [ct7pFEH] loaded module [x-pack-ml]
[2019-10-23T17:10:25,336][INFO ][o.e.p.PluginsService     ] [ct7pFEH] loaded module [x-pack-monitoring]
[2019-10-23T17:10:25,336][INFO ][o.e.p.PluginsService     ] [ct7pFEH] loaded module [x-pack-rollup]
[2019-10-23T17:10:25,336][INFO ][o.e.p.PluginsService     ] [ct7pFEH] loaded module [x-pack-security]
[2019-10-23T17:10:25,336][INFO ][o.e.p.PluginsService     ] [ct7pFEH] loaded module [x-pack-sql]
[2019-10-23T17:10:25,340][INFO ][o.e.p.PluginsService     ] [ct7pFEH] loaded module [x-pack-upgrade]
[2019-10-23T17:10:25,340][INFO ][o.e.p.PluginsService     ] [ct7pFEH] loaded module [x-pack-watcher]
[2019-10-23T17:10:25,340][INFO ][o.e.p.PluginsService     ] [ct7pFEH] no plugins loaded
[2019-10-23T17:10:32,473][INFO ][o.e.x.s.a.s.FileRolesStore] [ct7pFEH] parsed [0] roles from file [C:\Users\amjad.sibili\Desktop\elastic\elasticsearch-6.5.1\config\roles.yml]
[2019-10-23T17:10:33,721][INFO ][o.e.x.m.j.p.l.CppLogMessageHandler] [ct7pFEH] [controller/9376] [Main.cc@109] controller (64 bit): Version 6.5.1 (Build 1c5fe241dd9aea) Copyright (c) 2018 Elasticsearch BV
[2019-10-23T17:10:34,633][DEBUG][o.e.a.ActionModule       ] [ct7pFEH] Using REST wrapper from plugin org.elasticsearch.xpack.security.Security
[2019-10-23T17:10:35,159][INFO ][o.e.d.DiscoveryModule    ] [ct7pFEH] using discovery type [zen] and host providers [settings]
[2019-10-23T17:10:36,698][INFO ][o.e.n.Node               ] [ct7pFEH] initialized
[2019-10-23T17:10:36,698][INFO ][o.e.n.Node               ] [ct7pFEH] starting ...
[2019-10-23T17:10:38,278][INFO ][o.e.t.TransportService   ] [ct7pFEH] publish_address {127.0.0.1:9300}, bound_addresses {127.0.0.1:9300}, {[::1]:9300}
[2019-10-23T17:10:41,343][INFO ][o.e.c.s.MasterService    ] [ct7pFEH] zen-disco-elected-as-master ([0] nodes joined), reason: new_master {ct7pFEH}{ct7pFEH4S6OxIyICckoAbg}{instJ7uQS663o7k_Ub1LCQ}{127.0.0.1}{127.0.0.1:9300}{ml.machine_memory=8464158720, xpack.installed=true, ml.max_open_jobs=20, ml.enabled=true}
[2019-10-23T17:10:41,343][INFO ][o.e.c.s.ClusterApplierService] [ct7pFEH] new_master {ct7pFEH}{ct7pFEH4S6OxIyICckoAbg}{instJ7uQS663o7k_Ub1LCQ}{127.0.0.1}{127.0.0.1:9300}{ml.machine_memory=8464158720, xpack.installed=true, ml.max_open_jobs=20, ml.enabled=true}, reason: apply cluster state (from master [master {ct7pFEH}{ct7pFEH4S6OxIyICckoAbg}{instJ7uQS663o7k_Ub1LCQ}{127.0.0.1}{127.0.0.1:9300}{ml.machine_memory=8464158720, xpack.installed=true, ml.max_open_jobs=20, ml.enabled=true} committed version [1] source [zen-disco-elected-as-master ([0] nodes joined)]])
[2019-10-23T17:10:41,412][WARN ][o.e.x.s.a.s.m.NativeRoleMappingStore] [ct7pFEH] Failed to clear cache for realms [[]]
[2019-10-23T17:10:41,497][INFO ][o.e.g.GatewayService     ] [ct7pFEH] recovered [0] indices into cluster_state
[2019-10-23T17:10:41,760][INFO ][o.e.c.m.MetaDataIndexTemplateService] [ct7pFEH] adding template [.watch-history-9] for index patterns [.watcher-history-9*]
[2019-10-23T17:10:41,907][INFO ][o.e.c.m.MetaDataIndexTemplateService] [ct7pFEH] adding template [.triggered_watches] for index patterns [.triggered_watches*]
[2019-10-23T17:10:42,010][INFO ][o.e.c.m.MetaDataIndexTemplateService] [ct7pFEH] adding template [.watches] for index patterns [.watches*]
[2019-10-23T17:10:42,080][INFO ][o.e.c.m.MetaDataIndexTemplateService] [ct7pFEH] adding template [.monitoring-logstash] for index patterns [.monitoring-logstash-6-*]
[2019-10-23T17:10:42,151][INFO ][o.e.c.m.MetaDataIndexTemplateService] [ct7pFEH] adding template [.monitoring-es] for index patterns [.monitoring-es-6-*]
[2019-10-23T17:10:42,221][INFO ][o.e.c.m.MetaDataIndexTemplateService] [ct7pFEH] adding template [.monitoring-alerts] for index patterns [.monitoring-alerts-6]
[2019-10-23T17:10:42,336][INFO ][o.e.c.m.MetaDataIndexTemplateService] [ct7pFEH] adding template [.monitoring-beats] for index patterns [.monitoring-beats-6-*]
[2019-10-23T17:10:42,396][INFO ][o.e.c.m.MetaDataIndexTemplateService] [ct7pFEH] adding template [.monitoring-kibana] for index patterns [.monitoring-kibana-6-*]
[2019-10-23T17:10:42,715][INFO ][o.e.l.LicenseService     ] [ct7pFEH] license [be0a93ea-badd-462d-a3e5-0f6c4615d5f4] mode [basic] - valid
[2019-10-23T17:10:43,574][INFO ][o.e.x.s.t.n.SecurityNetty4HttpServerTransport] [ct7pFEH] publish_address {127.0.0.1:9200}, bound_addresses {127.0.0.1:9200}, {[::1]:9200}
[2019-10-23T17:10:43,574][INFO ][o.e.n.Node               ] [ct7pFEH] started
[2019-10-23T17:11:47,504][INFO ][o.e.b.Bootstrap          ] [ct7pFEH] running graceful exit on windows
[2019-10-23T17:11:47,508][INFO ][o.e.n.Node               ] [ct7pFEH] stopping ...
[2019-10-23T17:11:47,520][INFO ][o.e.x.w.WatcherService   ] [ct7pFEH] stopping watch service, reason [shutdown initiated]
[2019-10-23T17:11:47,813][INFO ][o.e.x.m.j.p.l.CppLogMessageHandler] [ct7pFEH] [controller/9376] [Main.cc@148] Ml controller exiting
[2019-10-23T17:11:47,816][INFO ][o.e.x.m.j.p.NativeController] [ct7pFEH] Native controller process has stopped - no new native processes can be started
[2019-10-23T17:11:47,836][INFO ][o.e.n.Node               ] [ct7pFEH] stopped
[2019-10-23T17:11:47,836][INFO ][o.e.n.Node               ] [ct7pFEH] closing ...
[2019-10-23T17:11:47,848][INFO ][o.e.n.Node               ] [ct7pFEH] closed
