[2019-10-25T04:01:35.453+0000][14436][gc] Using Concurrent Mark Sweep
[2019-10-25T04:01:35.453+0000][14436][gc,heap,coops] Heap address: 0x00000000c0000000, size: 1024 MB, Compressed Oops mode: 32-bit
[2019-10-25T04:01:35.533+0000][14436][safepoint    ] Entering safepoint region: EnableBiasedLocking
[2019-10-25T04:01:35.533+0000][14436][safepoint    ] Leaving safepoint region
[2019-10-25T04:01:35.533+0000][14436][safepoint    ] Total time for which application threads were stopped: 0.0001776 seconds, Stopping threads took: 0.0000978 seconds
[2019-10-25T04:01:35.541+0000][14436][safepoint    ] Application time: 0.0056707 seconds
[2019-10-25T04:01:35.541+0000][14436][safepoint    ] Entering safepoint region: RevokeBias
[2019-10-25T04:01:35.541+0000][14436][safepoint    ] Leaving safepoint region
[2019-10-25T04:01:35.541+0000][14436][safepoint    ] Total time for which application threads were stopped: 0.0005607 seconds, Stopping threads took: 0.0001126 seconds
[2019-10-25T04:01:36.067+0000][14436][safepoint    ] Application time: 0.5254220 seconds
[2019-10-25T04:01:36.067+0000][14436][safepoint    ] Entering safepoint region: RevokeBias
[2019-10-25T04:01:36.068+0000][14436][safepoint    ] Leaving safepoint region
[2019-10-25T04:01:36.068+0000][14436][safepoint    ] Total time for which application threads were stopped: 0.0001691 seconds, Stopping threads took: 0.0000510 seconds
[2019-10-25T04:01:37.068+0000][14436][safepoint    ] Application time: 1.0005364 seconds
[2019-10-25T04:01:37.068+0000][14436][safepoint    ] Entering safepoint region: Cleanup
[2019-10-25T04:01:37.068+0000][14436][safepoint    ] Leaving safepoint region
[2019-10-25T04:01:37.068+0000][14436][safepoint    ] Total time for which application threads were stopped: 0.0001089 seconds, Stopping threads took: 0.0000396 seconds
[2019-10-25T04:01:38.069+0000][14436][safepoint    ] Application time: 1.0000786 seconds
[2019-10-25T04:01:38.069+0000][14436][safepoint    ] Entering safepoint region: Cleanup
[2019-10-25T04:01:38.069+0000][14436][safepoint    ] Leaving safepoint region
[2019-10-25T04:01:38.069+0000][14436][safepoint    ] Total time for which application threads were stopped: 0.0000575 seconds, Stopping threads took: 0.0000224 seconds
[2019-10-25T04:01:38.797+0000][14436][safepoint    ] Application time: 0.7288648 seconds
[2019-10-25T04:01:38.797+0000][14436][safepoint    ] Entering safepoint region: Deoptimize
[2019-10-25T04:01:38.797+0000][14436][safepoint    ] Leaving safepoint region
[2019-10-25T04:01:38.797+0000][14436][safepoint    ] Total time for which application threads were stopped: 0.0000867 seconds, Stopping threads took: 0.0000190 seconds
[2019-10-25T04:01:38.797+0000][14436][safepoint    ] Application time: 0.0004715 seconds
[2019-10-25T04:01:38.797+0000][14436][safepoint    ] Entering safepoint region: Deoptimize
[2019-10-25T04:01:38.797+0000][14436][safepoint    ] Leaving safepoint region
[2019-10-25T04:01:38.797+0000][14436][safepoint    ] Total time for which application threads were stopped: 0.0000646 seconds, Stopping threads took: 0.0000171 seconds
[2019-10-25T04:01:38.802+0000][14436][safepoint    ] Application time: 0.0044132 seconds
[2019-10-25T04:01:38.802+0000][14436][safepoint    ] Entering safepoint region: Deoptimize
[2019-10-25T04:01:38.802+0000][14436][safepoint    ] Leaving safepoint region
[2019-10-25T04:01:38.802+0000][14436][safepoint    ] Total time for which application threads were stopped: 0.0000957 seconds, Stopping threads took: 0.0000236 seconds
[2019-10-25T04:01:39.803+0000][14436][safepoint    ] Application time: 0.9999328 seconds
[2019-10-25T04:01:39.803+0000][14436][safepoint    ] Entering safepoint region: Cleanup
[2019-10-25T04:01:39.803+0000][14436][safepoint    ] Leaving safepoint region
[2019-10-25T04:01:39.803+0000][14436][safepoint    ] Total time for which application threads were stopped: 0.0001198 seconds, Stopping threads took: 0.0000261 seconds
[2019-10-25T04:01:39.850+0000][14436][safepoint    ] Application time: 0.0477205 seconds
[2019-10-25T04:01:39.850+0000][14436][safepoint    ] Entering safepoint region: Deoptimize
[2019-10-25T04:01:39.850+0000][14436][safepoint    ] Leaving safepoint region
[2019-10-25T04:01:39.850+0000][14436][safepoint    ] Total time for which application threads were stopped: 0.0001895 seconds, Stopping threads took: 0.0000860 seconds
[2019-10-25T04:01:39.851+0000][14436][safepoint    ] Application time: 0.0006507 seconds
[2019-10-25T04:01:39.851+0000][14436][safepoint    ] Entering safepoint region: Deoptimize
[2019-10-25T04:01:39.851+0000][14436][safepoint    ] Leaving safepoint region
[2019-10-25T04:01:39.851+0000][14436][safepoint    ] Total time for which application threads were stopped: 0.0000927 seconds, Stopping threads took: 0.0000173 seconds
[2019-10-25T04:01:39.933+0000][14436][safepoint    ] Application time: 0.0813045 seconds
[2019-10-25T04:01:39.933+0000][14436][safepoint    ] Entering safepoint region: Deoptimize
[2019-10-25T04:01:39.933+0000][14436][safepoint    ] Leaving safepoint region
[2019-10-25T04:01:39.933+0000][14436][safepoint    ] Total time for which application threads were stopped: 0.0001315 seconds, Stopping threads took: 0.0000208 seconds
[2019-10-25T04:01:39.938+0000][14436][safepoint    ] Application time: 0.0045285 seconds
[2019-10-25T04:01:39.938+0000][14436][safepoint    ] Entering safepoint region: Deoptimize
[2019-10-25T04:01:39.938+0000][14436][safepoint    ] Leaving safepoint region
[2019-10-25T04:01:39.938+0000][14436][safepoint    ] Total time for which application threads were stopped: 0.0001240 seconds, Stopping threads took: 0.0000217 seconds
[2019-10-25T04:01:40.179+0000][14436][safepoint    ] Application time: 0.2420700 seconds
[2019-10-25T04:01:40.179+0000][14436][safepoint    ] Entering safepoint region: Deoptimize
[2019-10-25T04:01:40.179+0000][14436][safepoint    ] Leaving safepoint region
[2019-10-25T04:01:40.179+0000][14436][safepoint    ] Total time for which application threads were stopped: 0.0001856 seconds, Stopping threads took: 0.0000254 seconds
[2019-10-25T04:01:40.935+0000][14436][safepoint    ] Application time: 0.7558496 seconds
[2019-10-25T04:01:40.935+0000][14436][safepoint    ] Entering safepoint region: Deoptimize
[2019-10-25T04:01:40.936+0000][14436][safepoint    ] Leaving safepoint region
[2019-10-25T04:01:40.936+0000][14436][safepoint    ] Total time for which application threads were stopped: 0.0002914 seconds, Stopping threads took: 0.0000328 seconds
[2019-10-25T04:01:41.304+0000][14436][safepoint    ] Application time: 0.3679269 seconds
[2019-10-25T04:01:41.304+0000][14436][safepoint    ] Entering safepoint region: RevokeBias
[2019-10-25T04:01:41.304+0000][14436][safepoint    ] Leaving safepoint region
[2019-10-25T04:01:41.304+0000][14436][safepoint    ] Total time for which application threads were stopped: 0.0001428 seconds, Stopping threads took: 0.0000430 seconds
[2019-10-25T04:01:41.686+0000][14436][safepoint    ] Application time: 0.3819430 seconds
[2019-10-25T04:01:41.686+0000][14436][safepoint    ] Entering safepoint region: Deoptimize
[2019-10-25T04:01:41.686+0000][14436][safepoint    ] Leaving safepoint region
[2019-10-25T04:01:41.686+0000][14436][safepoint    ] Total time for which application threads were stopped: 0.0001781 seconds, Stopping threads took: 0.0000186 seconds
[2019-10-25T04:01:42.479+0000][14436][safepoint    ] Application time: 0.7930733 seconds
[2019-10-25T04:01:42.479+0000][14436][safepoint    ] Entering safepoint region: Deoptimize
[2019-10-25T04:01:42.479+0000][14436][safepoint    ] Leaving safepoint region
[2019-10-25T04:01:42.479+0000][14436][safepoint    ] Total time for which application threads were stopped: 0.0001851 seconds, Stopping threads took: 0.0000190 seconds
[2019-10-25T04:01:42.972+0000][14436][safepoint    ] Application time: 0.4925180 seconds
[2019-10-25T04:01:42.972+0000][14436][safepoint    ] Entering safepoint region: Deoptimize
[2019-10-25T04:01:42.972+0000][14436][safepoint    ] Leaving safepoint region
[2019-10-25T04:01:42.972+0000][14436][safepoint    ] Total time for which application threads were stopped: 0.0001940 seconds, Stopping threads took: 0.0000209 seconds
[2019-10-25T04:01:43.973+0000][14436][safepoint    ] Application time: 1.0001986 seconds
[2019-10-25T04:01:43.973+0000][14436][safepoint    ] Entering safepoint region: Cleanup
[2019-10-25T04:01:43.973+0000][14436][safepoint    ] Leaving safepoint region
[2019-10-25T04:01:43.973+0000][14436][safepoint    ] Total time for which application threads were stopped: 0.0000769 seconds, Stopping threads took: 0.0000240 seconds
[2019-10-25T04:01:44.145+0000][14436][safepoint    ] Application time: 0.1722972 seconds
[2019-10-25T04:01:44.145+0000][14436][safepoint    ] Entering safepoint region: CollectForMetadataAllocation
[2019-10-25T04:01:44.145+0000][14436][safepoint    ] Leaving safepoint region
[2019-10-25T04:01:44.145+0000][14436][safepoint    ] Total time for which application threads were stopped: 0.0001614 seconds, Stopping threads took: 0.0000229 seconds
[2019-10-25T04:01:44.324+0000][14436][safepoint    ] Application time: 0.1793007 seconds
[2019-10-25T04:01:44.325+0000][14436][safepoint    ] Entering safepoint region: CollectForMetadataAllocation
[2019-10-25T04:01:44.325+0000][14436][safepoint    ] Leaving safepoint region
[2019-10-25T04:01:44.325+0000][14436][safepoint    ] Total time for which application threads were stopped: 0.0001827 seconds, Stopping threads took: 0.0000246 seconds
[2019-10-25T04:01:44.757+0000][14436][safepoint    ] Application time: 0.4317330 seconds
[2019-10-25T04:01:44.757+0000][14436][safepoint    ] Entering safepoint region: CollectForMetadataAllocation
[2019-10-25T04:01:44.757+0000][14436][safepoint    ] Leaving safepoint region
[2019-10-25T04:01:44.757+0000][14436][safepoint    ] Total time for which application threads were stopped: 0.0001918 seconds, Stopping threads took: 0.0000260 seconds
[2019-10-25T04:01:44.790+0000][14436][safepoint    ] Application time: 0.0328585 seconds
[2019-10-25T04:01:44.790+0000][14436][safepoint    ] Entering safepoint region: CollectForMetadataAllocation
[2019-10-25T04:01:44.791+0000][14436][safepoint    ] Leaving safepoint region
[2019-10-25T04:01:44.791+0000][14436][safepoint    ] Total time for which application threads were stopped: 0.0003063 seconds, Stopping threads took: 0.0001006 seconds
[2019-10-25T04:01:44.803+0000][14436][safepoint    ] Application time: 0.0121913 seconds
[2019-10-25T04:01:44.803+0000][14436][safepoint    ] Entering safepoint region: Deoptimize
[2019-10-25T04:01:44.803+0000][14436][safepoint    ] Leaving safepoint region
[2019-10-25T04:01:44.803+0000][14436][safepoint    ] Total time for which application threads were stopped: 0.0002909 seconds, Stopping threads took: 0.0000225 seconds
[2019-10-25T04:01:44.877+0000][14436][safepoint    ] Application time: 0.0737641 seconds
[2019-10-25T04:01:44.877+0000][14436][safepoint    ] Entering safepoint region: CollectForMetadataAllocation
[2019-10-25T04:01:44.877+0000][14436][safepoint    ] Leaving safepoint region
[2019-10-25T04:01:44.877+0000][14436][safepoint    ] Total time for which application threads were stopped: 0.0001596 seconds, Stopping threads took: 0.0000186 seconds
[2019-10-25T04:01:44.880+0000][14436][safepoint    ] Application time: 0.0029482 seconds
[2019-10-25T04:01:44.880+0000][14436][safepoint    ] Entering safepoint region: Deoptimize
[2019-10-25T04:01:44.880+0000][14436][safepoint    ] Leaving safepoint region
[2019-10-25T04:01:44.880+0000][14436][safepoint    ] Total time for which application threads were stopped: 0.0002399 seconds, Stopping threads took: 0.0000325 seconds
[2019-10-25T04:01:44.901+0000][14436][safepoint    ] Application time: 0.0201527 seconds
[2019-10-25T04:01:44.901+0000][14436][safepoint    ] Entering safepoint region: RevokeBias
[2019-10-25T04:01:44.901+0000][14436][safepoint    ] Leaving safepoint region
[2019-10-25T04:01:44.901+0000][14436][safepoint    ] Total time for which application threads were stopped: 0.0001929 seconds, Stopping threads took: 0.0000794 seconds
[2019-10-25T04:01:44.972+0000][14436][safepoint    ] Application time: 0.0713776 seconds
[2019-10-25T04:01:44.973+0000][14436][safepoint    ] Entering safepoint region: RevokeBias
[2019-10-25T04:01:44.973+0000][14436][safepoint    ] Leaving safepoint region
[2019-10-25T04:01:44.973+0000][14436][safepoint    ] Total time for which application threads were stopped: 0.0001562 seconds, Stopping threads took: 0.0000483 seconds
[2019-10-25T04:01:44.973+0000][14436][safepoint    ] Application time: 0.0000349 seconds
[2019-10-25T04:01:44.973+0000][14436][safepoint    ] Entering safepoint region: RevokeBias
[2019-10-25T04:01:44.973+0000][14436][safepoint    ] Leaving safepoint region
[2019-10-25T04:01:44.973+0000][14436][safepoint    ] Total time for which application threads were stopped: 0.0001048 seconds, Stopping threads took: 0.0000318 seconds
[2019-10-25T04:01:44.973+0000][14436][safepoint    ] Application time: 0.0001274 seconds
[2019-10-25T04:01:44.973+0000][14436][safepoint    ] Entering safepoint region: RevokeBias
[2019-10-25T04:01:44.973+0000][14436][safepoint    ] Leaving safepoint region
[2019-10-25T04:01:44.973+0000][14436][safepoint    ] Total time for which application threads were stopped: 0.0001072 seconds, Stopping threads took: 0.0000388 seconds
[2019-10-25T04:01:44.973+0000][14436][safepoint    ] Application time: 0.0000392 seconds
[2019-10-25T04:01:44.973+0000][14436][safepoint    ] Entering safepoint region: RevokeBias
[2019-10-25T04:01:44.973+0000][14436][safepoint    ] Leaving safepoint region
[2019-10-25T04:01:44.973+0000][14436][safepoint    ] Total time for which application threads were stopped: 0.0001141 seconds, Stopping threads took: 0.0000568 seconds
[2019-10-25T04:01:44.973+0000][14436][safepoint    ] Application time: 0.0000302 seconds
[2019-10-25T04:01:44.973+0000][14436][safepoint    ] Entering safepoint region: RevokeBias
[2019-10-25T04:01:44.974+0000][14436][safepoint    ] Leaving safepoint region
[2019-10-25T04:01:44.974+0000][14436][safepoint    ] Total time for which application threads were stopped: 0.0001627 seconds, Stopping threads took: 0.0000752 seconds
[2019-10-25T04:01:44.974+0000][14436][safepoint    ] Application time: 0.0000246 seconds
[2019-10-25T04:01:44.974+0000][14436][safepoint    ] Entering safepoint region: RevokeBias
[2019-10-25T04:01:44.974+0000][14436][safepoint    ] Leaving safepoint region
[2019-10-25T04:01:44.974+0000][14436][safepoint    ] Total time for which application threads were stopped: 0.0001290 seconds, Stopping threads took: 0.0000595 seconds
[2019-10-25T04:01:44.974+0000][14436][safepoint    ] Application time: 0.0000380 seconds
[2019-10-25T04:01:44.974+0000][14436][safepoint    ] Entering safepoint region: RevokeBias
[2019-10-25T04:01:44.974+0000][14436][safepoint    ] Leaving safepoint region
[2019-10-25T04:01:44.974+0000][14436][safepoint    ] Total time for which application threads were stopped: 0.0001190 seconds, Stopping threads took: 0.0000587 seconds
[2019-10-25T04:01:44.974+0000][14436][safepoint    ] Application time: 0.0000350 seconds
[2019-10-25T04:01:44.974+0000][14436][safepoint    ] Entering safepoint region: RevokeBias
[2019-10-25T04:01:44.974+0000][14436][safepoint    ] Leaving safepoint region
[2019-10-25T04:01:44.974+0000][14436][safepoint    ] Total time for which application threads were stopped: 0.0001199 seconds, Stopping threads took: 0.0000579 seconds
[2019-10-25T04:01:44.974+0000][14436][safepoint    ] Application time: 0.0000404 seconds
[2019-10-25T04:01:44.974+0000][14436][safepoint    ] Entering safepoint region: RevokeBias
[2019-10-25T04:01:44.974+0000][14436][safepoint    ] Leaving safepoint region
[2019-10-25T04:01:44.974+0000][14436][safepoint    ] Total time for which application threads were stopped: 0.0001392 seconds, Stopping threads took: 0.0000569 seconds
[2019-10-25T04:01:44.975+0000][14436][safepoint    ] Application time: 0.0001597 seconds
[2019-10-25T04:01:44.975+0000][14436][safepoint    ] Entering safepoint region: RevokeBias
[2019-10-25T04:01:44.975+0000][14436][safepoint    ] Leaving safepoint region
[2019-10-25T04:01:44.975+0000][14436][safepoint    ] Total time for which application threads were stopped: 0.0000958 seconds, Stopping threads took: 0.0000389 seconds
[2019-10-25T04:01:44.975+0000][14436][safepoint    ] Application time: 0.0000319 seconds
[2019-10-25T04:01:44.975+0000][14436][safepoint    ] Entering safepoint region: RevokeBias
[2019-10-25T04:01:44.975+0000][14436][safepoint    ] Leaving safepoint region
[2019-10-25T04:01:44.975+0000][14436][safepoint    ] Total time for which application threads were stopped: 0.0001159 seconds, Stopping threads took: 0.0000634 seconds
[2019-10-25T04:01:44.975+0000][14436][safepoint    ] Application time: 0.0000360 seconds
[2019-10-25T04:01:44.975+0000][14436][safepoint    ] Entering safepoint region: RevokeBias
[2019-10-25T04:01:44.975+0000][14436][safepoint    ] Leaving safepoint region
[2019-10-25T04:01:44.975+0000][14436][safepoint    ] Total time for which application threads were stopped: 0.0001021 seconds, Stopping threads took: 0.0000338 seconds
[2019-10-25T04:01:44.975+0000][14436][safepoint    ] Application time: 0.0000433 seconds
[2019-10-25T04:01:44.975+0000][14436][safepoint    ] Entering safepoint region: RevokeBias
[2019-10-25T04:01:44.975+0000][14436][safepoint    ] Leaving safepoint region
[2019-10-25T04:01:44.975+0000][14436][safepoint    ] Total time for which application threads were stopped: 0.0000785 seconds, Stopping threads took: 0.0000410 seconds
[2019-10-25T04:01:44.975+0000][14436][safepoint    ] Application time: 0.0000296 seconds
[2019-10-25T04:01:44.975+0000][14436][safepoint    ] Entering safepoint region: RevokeBias
[2019-10-25T04:01:44.976+0000][14436][safepoint    ] Leaving safepoint region
[2019-10-25T04:01:44.976+0000][14436][safepoint    ] Total time for which application threads were stopped: 0.0001244 seconds, Stopping threads took: 0.0000577 seconds
[2019-10-25T04:01:44.976+0000][14436][safepoint    ] Application time: 0.0001741 seconds
[2019-10-25T04:01:44.976+0000][14436][safepoint    ] Entering safepoint region: RevokeBias
[2019-10-25T04:01:44.976+0000][14436][safepoint    ] Leaving safepoint region
[2019-10-25T04:01:44.976+0000][14436][safepoint    ] Total time for which application threads were stopped: 0.0001119 seconds, Stopping threads took: 0.0000405 seconds
[2019-10-25T04:01:44.976+0000][14436][safepoint    ] Application time: 0.0000473 seconds
[2019-10-25T04:01:44.976+0000][14436][safepoint    ] Entering safepoint region: RevokeBias
[2019-10-25T04:01:44.976+0000][14436][safepoint    ] Leaving safepoint region
[2019-10-25T04:01:44.976+0000][14436][safepoint    ] Total time for which application threads were stopped: 0.0002144 seconds, Stopping threads took: 0.0000740 seconds
[2019-10-25T04:01:44.976+0000][14436][safepoint    ] Application time: 0.0000237 seconds
[2019-10-25T04:01:44.976+0000][14436][safepoint    ] Entering safepoint region: RevokeBias
[2019-10-25T04:01:44.976+0000][14436][safepoint    ] Leaving safepoint region
[2019-10-25T04:01:44.977+0000][14436][safepoint    ] Total time for which application threads were stopped: 0.0001576 seconds, Stopping threads took: 0.0000637 seconds
[2019-10-25T04:01:44.977+0000][14436][safepoint    ] Application time: 0.0002679 seconds
[2019-10-25T04:01:44.977+0000][14436][safepoint    ] Entering safepoint region: RevokeBias
[2019-10-25T04:01:44.977+0000][14436][safepoint    ] Leaving safepoint region
[2019-10-25T04:01:44.977+0000][14436][safepoint    ] Total time for which application threads were stopped: 0.0001687 seconds, Stopping threads took: 0.0000838 seconds
[2019-10-25T04:01:44.982+0000][14436][safepoint    ] Application time: 0.0053304 seconds
[2019-10-25T04:01:44.982+0000][14436][safepoint    ] Entering safepoint region: RevokeBias
[2019-10-25T04:01:44.983+0000][14436][safepoint    ] Leaving safepoint region
[2019-10-25T04:01:44.983+0000][14436][safepoint    ] Total time for which application threads were stopped: 0.0001595 seconds, Stopping threads took: 0.0000335 seconds
[2019-10-25T04:01:44.983+0000][14436][safepoint    ] Application time: 0.0001293 seconds
[2019-10-25T04:01:44.983+0000][14436][safepoint    ] Entering safepoint region: RevokeBias
[2019-10-25T04:01:44.983+0000][14436][safepoint    ] Leaving safepoint region
[2019-10-25T04:01:44.983+0000][14436][safepoint    ] Total time for which application threads were stopped: 0.0001707 seconds, Stopping threads took: 0.0001006 seconds
[2019-10-25T04:01:44.983+0000][14436][safepoint    ] Application time: 0.0001743 seconds
[2019-10-25T04:01:44.983+0000][14436][safepoint    ] Entering safepoint region: RevokeBias
[2019-10-25T04:01:44.983+0000][14436][safepoint    ] Leaving safepoint region
[2019-10-25T04:01:44.983+0000][14436][safepoint    ] Total time for which application threads were stopped: 0.0001002 seconds, Stopping threads took: 0.0000320 seconds
[2019-10-25T04:01:44.983+0000][14436][safepoint    ] Application time: 0.0000386 seconds
[2019-10-25T04:01:44.983+0000][14436][safepoint    ] Entering safepoint region: BulkRevokeBias
[2019-10-25T04:01:44.984+0000][14436][safepoint    ] Leaving safepoint region
[2019-10-25T04:01:44.984+0000][14436][safepoint    ] Total time for which application threads were stopped: 0.0001522 seconds, Stopping threads took: 0.0000418 seconds
[2019-10-25T04:01:44.984+0000][14436][safepoint    ] Application time: 0.0000696 seconds
[2019-10-25T04:01:44.984+0000][14436][safepoint    ] Entering safepoint region: RevokeBias
[2019-10-25T04:01:44.984+0000][14436][safepoint    ] Leaving safepoint region
[2019-10-25T04:01:44.984+0000][14436][safepoint    ] Total time for which application threads were stopped: 0.0001337 seconds, Stopping threads took: 0.0000679 seconds
[2019-10-25T04:01:44.984+0000][14436][safepoint    ] Application time: 0.0000387 seconds
[2019-10-25T04:01:44.984+0000][14436][safepoint    ] Entering safepoint region: RevokeBias
[2019-10-25T04:01:44.984+0000][14436][safepoint    ] Leaving safepoint region
[2019-10-25T04:01:44.984+0000][14436][safepoint    ] Total time for which application threads were stopped: 0.0000971 seconds, Stopping threads took: 0.0000313 seconds
[2019-10-25T04:01:44.984+0000][14436][safepoint    ] Application time: 0.0000302 seconds
[2019-10-25T04:01:44.984+0000][14436][safepoint    ] Entering safepoint region: RevokeBias
[2019-10-25T04:01:44.984+0000][14436][safepoint    ] Leaving safepoint region
[2019-10-25T04:01:44.984+0000][14436][safepoint    ] Total time for which application threads were stopped: 0.0000869 seconds, Stopping threads took: 0.0000301 seconds
[2019-10-25T04:01:44.984+0000][14436][safepoint    ] Application time: 0.0000262 seconds
[2019-10-25T04:01:44.984+0000][14436][safepoint    ] Entering safepoint region: RevokeBias
[2019-10-25T04:01:44.984+0000][14436][safepoint    ] Leaving safepoint region
[2019-10-25T04:01:44.984+0000][14436][safepoint    ] Total time for which application threads were stopped: 0.0001010 seconds, Stopping threads took: 0.0000297 seconds
[2019-10-25T04:01:44.985+0000][14436][safepoint    ] Application time: 0.0006565 seconds
[2019-10-25T04:01:44.985+0000][14436][safepoint    ] Entering safepoint region: RevokeBias
[2019-10-25T04:01:44.985+0000][14436][safepoint    ] Leaving safepoint region
[2019-10-25T04:01:44.985+0000][14436][safepoint    ] Total time for which application threads were stopped: 0.0000955 seconds, Stopping threads took: 0.0000407 seconds
[2019-10-25T04:01:44.985+0000][14436][safepoint    ] Application time: 0.0000390 seconds
[2019-10-25T04:01:44.985+0000][14436][safepoint    ] Entering safepoint region: RevokeBias
[2019-10-25T04:01:44.985+0000][14436][safepoint    ] Leaving safepoint region
[2019-10-25T04:01:44.985+0000][14436][safepoint    ] Total time for which application threads were stopped: 0.0001052 seconds, Stopping threads took: 0.0000322 seconds
[2019-10-25T04:01:44.986+0000][14436][safepoint    ] Application time: 0.0005865 seconds
[2019-10-25T04:01:44.986+0000][14436][safepoint    ] Entering safepoint region: RevokeBias
[2019-10-25T04:01:44.986+0000][14436][safepoint    ] Leaving safepoint region
[2019-10-25T04:01:44.986+0000][14436][safepoint    ] Total time for which application threads were stopped: 0.0001181 seconds, Stopping threads took: 0.0000301 seconds
[2019-10-25T04:01:44.988+0000][14436][safepoint    ] Application time: 0.0013474 seconds
[2019-10-25T04:01:44.988+0000][14436][safepoint    ] Entering safepoint region: CollectForMetadataAllocation
[2019-10-25T04:01:44.988+0000][14436][safepoint    ] Leaving safepoint region
[2019-10-25T04:01:44.988+0000][14436][safepoint    ] Total time for which application threads were stopped: 0.0002420 seconds, Stopping threads took: 0.0000368 seconds
